This file contains any messages produced by compilers while
running configure, to aid debugging if configure makes a mistake.

It was created by library configure 1.0, which was
generated by GNU Autoconf 2.69.  Invocation command line was

  $ ./configure 

## --------- ##
## Platform. ##
## --------- ##

hostname = ubuntu
uname -m = x86_64
uname -r = 4.15.0-43-generic
uname -s = Linux
uname -v = #46-Ubuntu SMP Thu Dec 6 14:45:28 UTC 2018

/usr/bin/uname -p = unknown
/bin/uname -X     = unknown

/bin/arch              = unknown
/usr/bin/arch -k       = unknown
/usr/convex/getsysinfo = unknown
/usr/bin/hostinfo      = unknown
/bin/machine           = unknown
/usr/bin/oslevel       = unknown
/bin/universe          = unknown

PATH: /usr/local/arm-2011.09/bin
PATH: /opt/hisi-linux/x86-arm/arm-hisiv300-linux/target/bin
PATH: /usr/local/sbin
PATH: /usr/local/bin
PATH: /usr/sbin
PATH: /usr/bin
PATH: /sbin
PATH: /bin
PATH: /usr/games
PATH: /usr/local/games
PATH: /snap/bin


## ----------- ##
## Core tests. ##
## ----------- ##

configure:2859: checking for a BSD-compatible install
configure:2927: result: /usr/bin/install -c
configure:2938: checking whether build environment is sane
configure:2988: result: yes
configure:3129: checking for a thread-safe mkdir -p
configure:3168: result: /bin/mkdir -p
configure:3181: checking for gawk
configure:3197: found /usr/bin/gawk
configure:3208: result: gawk
configure:3219: checking whether make sets $(MAKE)
configure:3241: result: yes
configure:3386: checking for g++
configure:3402: found /usr/bin/g++
configure:3413: result: g++
configure:3440: checking for C++ compiler version
configure:3449: g++ --version >&5
g++ (Ubuntu 7.3.0-27ubuntu1~18.04) 7.3.0
Copyright (C) 2017 Free Software Foundation, Inc.
This is free software; see the source for copying conditions.  There is NO
warranty; not even for MERCHANTABILITY or FITNESS FOR A PARTICULAR PURPOSE.

configure:3460: $? = 0
configure:3449: g++ -v >&5
Using built-in specs.
COLLECT_GCC=g++
COLLECT_LTO_WRAPPER=/usr/lib/gcc/x86_64-linux-gnu/7/lto-wrapper
OFFLOAD_TARGET_NAMES=nvptx-none
OFFLOAD_TARGET_DEFAULT=1
Target: x86_64-linux-gnu
Configured with: ../src/configure -v --with-pkgversion='Ubuntu 7.3.0-27ubuntu1~18.04' --with-bugurl=file:///usr/share/doc/gcc-7/README.Bugs --enable-languages=c,ada,c++,go,brig,d,fortran,objc,obj-c++ --prefix=/usr --with-gcc-major-version-only --program-suffix=-7 --program-prefix=x86_64-linux-gnu- --enable-shared --enable-linker-build-id --libexecdir=/usr/lib --without-included-gettext --enable-threads=posix --libdir=/usr/lib --enable-nls --with-sysroot=/ --enable-clocale=gnu --enable-libstdcxx-debug --enable-libstdcxx-time=yes --with-default-libstdcxx-abi=new --enable-gnu-unique-object --disable-vtable-verify --enable-libmpx --enable-plugin --enable-default-pie --with-system-zlib --with-target-system-zlib --enable-objc-gc=auto --enable-multiarch --disable-werror --with-arch-32=i686 --with-abi=m64 --with-multilib-list=m32,m64,mx32 --enable-multilib --with-tune=generic --enable-offload-targets=nvptx-none --without-cuda-driver --enable-checking=release --build=x86_64-linux-gnu --host=x86_64-linux-gnu --target=x86_64-linux-gnu
Thread model: posix
gcc version 7.3.0 (Ubuntu 7.3.0-27ubuntu1~18.04) 
configure:3460: $? = 0
configure:3449: g++ -V >&5
g++: error: unrecognized command line option '-V'
g++: fatal error: no input files
compilation terminated.
configure:3460: $? = 1
configure:3449: g++ -qversion >&5
g++: error: unrecognized command line option '-qversion'; did you mean '--version'?
g++: fatal error: no input files
compilation terminated.
configure:3460: $? = 1
configure:3480: checking whether the C++ compiler works
configure:3502: g++    conftest.cpp  >&5
configure:3506: $? = 0
configure:3554: result: yes
configure:3557: checking for C++ compiler default output file name
configure:3559: result: a.out
configure:3565: checking for suffix of executables
configure:3572: g++ -o conftest    conftest.cpp  >&5
configure:3576: $? = 0
configure:3598: result: 
configure:3620: checking whether we are cross compiling
configure:3628: g++ -o conftest    conftest.cpp  >&5
configure:3632: $? = 0
configure:3639: ./conftest
configure:3643: $? = 0
configure:3658: result: no
configure:3663: checking for suffix of object files
configure:3685: g++ -c   conftest.cpp >&5
configure:3689: $? = 0
configure:3710: result: o
configure:3714: checking whether we are using the GNU C++ compiler
configure:3733: g++ -c   conftest.cpp >&5
configure:3733: $? = 0
configure:3742: result: yes
configure:3751: checking whether g++ accepts -g
configure:3771: g++ -c -g  conftest.cpp >&5
configure:3771: $? = 0
configure:3812: result: yes
configure:3846: checking for style of include used by make
configure:3874: result: GNU
configure:3899: checking dependency style of g++
configure:4009: result: gcc3
configure:4078: checking for gcc
configure:4094: found /usr/bin/gcc
configure:4105: result: gcc
configure:4136: checking for C compiler version
configure:4145: gcc --version >&5
gcc (Ubuntu 7.3.0-27ubuntu1~18.04) 7.3.0
Copyright (C) 2017 Free Software Foundation, Inc.
This is free software; see the source for copying conditions.  There is NO
warranty; not even for MERCHANTABILITY or FITNESS FOR A PARTICULAR PURPOSE.

configure:4156: $? = 0
configure:4145: gcc -v >&5
Using built-in specs.
COLLECT_GCC=gcc
COLLECT_LTO_WRAPPER=/usr/lib/gcc/x86_64-linux-gnu/7/lto-wrapper
OFFLOAD_TARGET_NAMES=nvptx-none
OFFLOAD_TARGET_DEFAULT=1
Target: x86_64-linux-gnu
Configured with: ../src/configure -v --with-pkgversion='Ubuntu 7.3.0-27ubuntu1~18.04' --with-bugurl=file:///usr/share/doc/gcc-7/README.Bugs --enable-languages=c,ada,c++,go,brig,d,fortran,objc,obj-c++ --prefix=/usr --with-gcc-major-version-only --program-suffix=-7 --program-prefix=x86_64-linux-gnu- --enable-shared --enable-linker-build-id --libexecdir=/usr/lib --without-included-gettext --enable-threads=posix --libdir=/usr/lib --enable-nls --with-sysroot=/ --enable-clocale=gnu --enable-libstdcxx-debug --enable-libstdcxx-time=yes --with-default-libstdcxx-abi=new --enable-gnu-unique-object --disable-vtable-verify --enable-libmpx --enable-plugin --enable-default-pie --with-system-zlib --with-target-system-zlib --enable-objc-gc=auto --enable-multiarch --disable-werror --with-arch-32=i686 --with-abi=m64 --with-multilib-list=m32,m64,mx32 --enable-multilib --with-tune=generic --enable-offload-targets=nvptx-none --without-cuda-driver --enable-checking=release --build=x86_64-linux-gnu --host=x86_64-linux-gnu --target=x86_64-linux-gnu
Thread model: posix
gcc version 7.3.0 (Ubuntu 7.3.0-27ubuntu1~18.04) 
configure:4156: $? = 0
configure:4145: gcc -V >&5
gcc: error: unrecognized command line option '-V'
gcc: fatal error: no input files
compilation terminated.
configure:4156: $? = 1
configure:4145: gcc -qversion >&5
gcc: error: unrecognized command line option '-qversion'; did you mean '--version'?
gcc: fatal error: no input files
compilation terminated.
configure:4156: $? = 1
configure:4160: checking whether we are using the GNU C compiler
configure:4179: gcc -c   conftest.c >&5
configure:4179: $? = 0
configure:4188: result: yes
configure:4197: checking whether gcc accepts -g
configure:4217: gcc -c -g  conftest.c >&5
configure:4217: $? = 0
configure:4258: result: yes
configure:4275: checking for gcc option to accept ISO C89
configure:4338: gcc  -c -g -O2  conftest.c >&5
configure:4338: $? = 0
configure:4351: result: none needed
configure:4373: checking dependency style of gcc
configure:4483: result: gcc3
configure:4498: checking whether make sets $(MAKE)
configure:4520: result: yes
configure:4534: checking how to run the C preprocessor
configure:4565: gcc -E  conftest.c
configure:4565: $? = 0
configure:4579: gcc -E  conftest.c
conftest.c:11:10: fatal error: ac_nonexistent.h: No such file or directory
 #include <ac_nonexistent.h>
          ^~~~~~~~~~~~~~~~~~
compilation terminated.
configure:4579: $? = 1
configure: failed program was:
| /* confdefs.h */
| #define PACKAGE_NAME "library"
| #define PACKAGE_TARNAME "library"
| #define PACKAGE_VERSION "1.0"
| #define PACKAGE_STRING "library 1.0"
| #define PACKAGE_BUGREPORT "support@itibia.com"
| #define PACKAGE_URL ""
| #define PACKAGE "library"
| #define VERSION "1.0"
| /* end confdefs.h.  */
| #include <ac_nonexistent.h>
configure:4604: result: gcc -E
configure:4624: gcc -E  conftest.c
configure:4624: $? = 0
configure:4638: gcc -E  conftest.c
conftest.c:11:10: fatal error: ac_nonexistent.h: No such file or directory
 #include <ac_nonexistent.h>
          ^~~~~~~~~~~~~~~~~~
compilation terminated.
configure:4638: $? = 1
configure: failed program was:
| /* confdefs.h */
| #define PACKAGE_NAME "library"
| #define PACKAGE_TARNAME "library"
| #define PACKAGE_VERSION "1.0"
| #define PACKAGE_STRING "library 1.0"
| #define PACKAGE_BUGREPORT "support@itibia.com"
| #define PACKAGE_URL ""
| #define PACKAGE "library"
| #define VERSION "1.0"
| /* end confdefs.h.  */
| #include <ac_nonexistent.h>
configure:4742: checking build system type
configure:4756: result: x86_64-unknown-linux-gnu
configure:4776: checking host system type
configure:4789: result: x86_64-unknown-linux-gnu
configure:4809: checking for a sed that does not truncate output
configure:4865: result: /bin/sed
configure:4868: checking for grep that handles long lines and -e
configure:4926: result: /bin/grep
configure:4931: checking for egrep
configure:4993: result: /bin/grep -E
configure:5009: checking for ld used by gcc
configure:5076: result: /usr/bin/ld
configure:5083: checking if the linker (/usr/bin/ld) is GNU ld
configure:5098: result: yes
configure:5103: checking for /usr/bin/ld option to reload object files
configure:5110: result: -r
configure:5128: checking for BSD-compatible nm
configure:5177: result: /usr/bin/nm -B
configure:5181: checking whether ln -s works
configure:5185: result: yes
configure:5192: checking how to recognize dependent libraries
configure:5378: result: pass_all
configure:5467: gcc -c -g -O2  conftest.c >&5
configure:5470: $? = 0
configure:5594: checking for ANSI C header files
configure:5614: gcc -c -g -O2  conftest.c >&5
configure:5614: $? = 0
configure:5687: gcc -o conftest -g -O2   conftest.c  >&5
configure:5687: $? = 0
configure:5687: ./conftest
configure:5687: $? = 0
configure:5698: result: yes
configure:5711: checking for sys/types.h
configure:5711: gcc -c -g -O2  conftest.c >&5
configure:5711: $? = 0
configure:5711: result: yes
configure:5711: checking for sys/stat.h
configure:5711: gcc -c -g -O2  conftest.c >&5
configure:5711: $? = 0
configure:5711: result: yes
configure:5711: checking for stdlib.h
configure:5711: gcc -c -g -O2  conftest.c >&5
configure:5711: $? = 0
configure:5711: result: yes
configure:5711: checking for string.h
configure:5711: gcc -c -g -O2  conftest.c >&5
configure:5711: $? = 0
configure:5711: result: yes
configure:5711: checking for memory.h
configure:5711: gcc -c -g -O2  conftest.c >&5
configure:5711: $? = 0
configure:5711: result: yes
configure:5711: checking for strings.h
configure:5711: gcc -c -g -O2  conftest.c >&5
configure:5711: $? = 0
configure:5711: result: yes
configure:5711: checking for inttypes.h
configure:5711: gcc -c -g -O2  conftest.c >&5
configure:5711: $? = 0
configure:5711: result: yes
configure:5711: checking for stdint.h
configure:5711: gcc -c -g -O2  conftest.c >&5
configure:5711: $? = 0
configure:5711: result: yes
configure:5711: checking for unistd.h
configure:5711: gcc -c -g -O2  conftest.c >&5
configure:5711: $? = 0
configure:5711: result: yes
configure:5725: checking dlfcn.h usability
configure:5725: gcc -c -g -O2  conftest.c >&5
configure:5725: $? = 0
configure:5725: result: yes
configure:5725: checking dlfcn.h presence
configure:5725: gcc -E  conftest.c
configure:5725: $? = 0
configure:5725: result: yes
configure:5725: checking for dlfcn.h
configure:5725: result: yes
configure:5745: checking how to run the C++ preprocessor
configure:5772: g++ -E  conftest.cpp
configure:5772: $? = 0
configure:5786: g++ -E  conftest.cpp
conftest.cpp:22:10: fatal error: ac_nonexistent.h: No such file or directory
 #include <ac_nonexistent.h>
          ^~~~~~~~~~~~~~~~~~
compilation terminated.
configure:5786: $? = 1
configure: failed program was:
| /* confdefs.h */
| #define PACKAGE_NAME "library"
| #define PACKAGE_TARNAME "library"
| #define PACKAGE_VERSION "1.0"
| #define PACKAGE_STRING "library 1.0"
| #define PACKAGE_BUGREPORT "support@itibia.com"
| #define PACKAGE_URL ""
| #define PACKAGE "library"
| #define VERSION "1.0"
| #define STDC_HEADERS 1
| #define HAVE_SYS_TYPES_H 1
| #define HAVE_SYS_STAT_H 1
| #define HAVE_STDLIB_H 1
| #define HAVE_STRING_H 1
| #define HAVE_MEMORY_H 1
| #define HAVE_STRINGS_H 1
| #define HAVE_INTTYPES_H 1
| #define HAVE_STDINT_H 1
| #define HAVE_UNISTD_H 1
| #define HAVE_DLFCN_H 1
| /* end confdefs.h.  */
| #include <ac_nonexistent.h>
configure:5811: result: g++ -E
configure:5831: g++ -E  conftest.cpp
configure:5831: $? = 0
configure:5845: g++ -E  conftest.cpp
conftest.cpp:22:10: fatal error: ac_nonexistent.h: No such file or directory
 #include <ac_nonexistent.h>
          ^~~~~~~~~~~~~~~~~~
compilation terminated.
configure:5845: $? = 1
configure: failed program was:
| /* confdefs.h */
| #define PACKAGE_NAME "library"
| #define PACKAGE_TARNAME "library"
| #define PACKAGE_VERSION "1.0"
| #define PACKAGE_STRING "library 1.0"
| #define PACKAGE_BUGREPORT "support@itibia.com"
| #define PACKAGE_URL ""
| #define PACKAGE "library"
| #define VERSION "1.0"
| #define STDC_HEADERS 1
| #define HAVE_SYS_TYPES_H 1
| #define HAVE_SYS_STAT_H 1
| #define HAVE_STDLIB_H 1
| #define HAVE_STRING_H 1
| #define HAVE_MEMORY_H 1
| #define HAVE_STRINGS_H 1
| #define HAVE_INTTYPES_H 1
| #define HAVE_STDINT_H 1
| #define HAVE_UNISTD_H 1
| #define HAVE_DLFCN_H 1
| /* end confdefs.h.  */
| #include <ac_nonexistent.h>
configure:5929: checking for g77
configure:5959: result: no
configure:5929: checking for xlf
configure:5959: result: no
configure:5929: checking for f77
configure:5959: result: no
configure:5929: checking for frt
configure:5959: result: no
configure:5929: checking for pgf77
configure:5959: result: no
configure:5929: checking for cf77
configure:5959: result: no
configure:5929: checking for fort77
configure:5959: result: no
configure:5929: checking for fl32
configure:5959: result: no
configure:5929: checking for af77
configure:5959: result: no
configure:5929: checking for xlf90
configure:5959: result: no
configure:5929: checking for f90
configure:5959: result: no
configure:5929: checking for pgf90
configure:5959: result: no
configure:5929: checking for pghpf
configure:5959: result: no
configure:5929: checking for epcf90
configure:5959: result: no
configure:5929: checking for gfortran
configure:5959: result: no
configure:5929: checking for g95
configure:5959: result: no
configure:5929: checking for xlf95
configure:5959: result: no
configure:5929: checking for f95
configure:5959: result: no
configure:5929: checking for fort
configure:5959: result: no
configure:5929: checking for ifort
configure:5959: result: no
configure:5929: checking for ifc
configure:5959: result: no
configure:5929: checking for efc
configure:5959: result: no
configure:5929: checking for pgfortran
configure:5959: result: no
configure:5929: checking for pgf95
configure:5959: result: no
configure:5929: checking for lf95
configure:5959: result: no
configure:5929: checking for ftn
configure:5959: result: no
configure:5929: checking for nagfor
configure:5959: result: no
configure:5982: checking for Fortran 77 compiler version
configure:5991:  --version >&5
./configure: line 5993: --version: command not found
configure:6002: $? = 127
configure:5991:  -v >&5
./configure: line 5993: -v: command not found
configure:6002: $? = 127
configure:5991:  -V >&5
./configure: line 5993: -V: command not found
configure:6002: $? = 127
configure:5991:  -qversion >&5
./configure: line 5993: -qversion: command not found
configure:6002: $? = 127
configure:6011: checking whether we are using the GNU Fortran 77 compiler
configure:6024:  -c  conftest.F >&5
./configure: line 2156: -c: command not found
configure:6024: $? = 127
configure: failed program was:
|       program main
| #ifndef __GNUC__
|        choke me
| #endif
| 
|       end
configure:6033: result: no
configure:6039: checking whether  accepts -g
configure:6050:  -c -g conftest.f >&5
./configure: line 2156: -c: command not found
configure:6050: $? = 127
configure: failed program was:
|       program main
| 
|       end
configure:6058: result: no
configure:6091: checking the maximum length of command line arguments
configure:6203: result: 1572864
configure:6215: checking command to parse /usr/bin/nm -B output from gcc object
configure:6320: gcc -c -g -O2  conftest.c >&5
configure:6323: $? = 0
configure:6327: /usr/bin/nm -B conftest.o \| sed -n -e 's/^.*[ 	]\([ABCDGIRSTW][ABCDGIRSTW]*\)[ 	][ 	]*\([_A-Za-z][_A-Za-z0-9]*\)$/\1 \2 \2/p' \> conftest.nm
configure:6330: $? = 0
configure:6382: gcc -o conftest -g -O2   conftest.c conftstm.o >&5
configure:6385: $? = 0
configure:6423: result: ok
configure:6427: checking for objdir
configure:6442: result: .libs
configure:6534: checking for ar
configure:6550: found /usr/bin/ar
configure:6561: result: ar
configure:6626: checking for ranlib
configure:6642: found /usr/bin/ranlib
configure:6653: result: ranlib
configure:6718: checking for strip
configure:6734: found /usr/bin/strip
configure:6745: result: strip
configure:7306: checking if gcc supports -fno-rtti -fno-exceptions
configure:7324: gcc -c -g -O2  -fno-rtti -fno-exceptions conftest.c >&5
cc1: warning: command line option '-fno-rtti' is valid for C++/ObjC++ but not for C
configure:7328: $? = 0
configure:7341: result: no
configure:7356: checking for gcc option to produce PIC
configure:7588: result: -fPIC
configure:7596: checking if gcc PIC flag -fPIC works
configure:7614: gcc -c -g -O2  -fPIC -DPIC conftest.c >&5
configure:7618: $? = 0
configure:7631: result: yes
configure:7659: checking if gcc static flag -static works
configure:7687: result: yes
configure:7697: checking if gcc supports -c -o file.o
configure:7718: gcc -c -g -O2  -o out/conftest2.o conftest.c >&5
configure:7722: $? = 0
configure:7744: result: yes
configure:7770: checking whether the gcc linker (/usr/bin/ld -m elf_x86_64) supports shared libraries
configure:8697: result: yes
configure:8718: checking whether -lc should be explicitly linked in
configure:8723: gcc -c -g -O2  conftest.c >&5
configure:8726: $? = 0
configure:8741: gcc -shared conftest.o  -v -Wl,-soname -Wl,conftest -o conftest 2\>\&1 \| grep  -lc  \>/dev/null 2\>\&1
configure:8744: $? = 0
configure:8756: result: no
configure:8764: checking dynamic linker characteristics
configure:9378: result: GNU/Linux ld.so
configure:9402: checking how to hardcode library paths into programs
configure:9427: result: immediate
configure:9441: checking whether stripping libraries is possible
configure:9446: result: yes
configure:9963: checking if libtool supports shared libraries
configure:9965: result: yes
configure:9968: checking whether to build shared libraries
configure:9989: result: yes
configure:9992: checking whether to build static libraries
configure:9996: result: yes
configure:10090: creating libtool
configure:10679: checking for ld used by g++
configure:10746: result: /usr/bin/ld -m elf_x86_64
configure:10753: checking if the linker (/usr/bin/ld -m elf_x86_64) is GNU ld
configure:10768: result: yes
configure:10819: checking whether the g++ linker (/usr/bin/ld -m elf_x86_64) supports shared libraries
configure:11711: result: yes
configure:11728: g++ -c -g -O2  conftest.cpp >&5
configure:11731: $? = 0
configure:11887: checking for g++ option to produce PIC
configure:12171: result: -fPIC
configure:12179: checking if g++ PIC flag -fPIC works
configure:12197: g++ -c -g -O2  -fPIC -DPIC conftest.cpp >&5
configure:12201: $? = 0
configure:12214: result: yes
configure:12242: checking if g++ static flag -static works
configure:12270: result: yes
configure:12280: checking if g++ supports -c -o file.o
configure:12301: g++ -c -g -O2  -o out/conftest2.o conftest.cpp >&5
configure:12305: $? = 0
configure:12327: result: yes
configure:12353: checking whether the g++ linker (/usr/bin/ld -m elf_x86_64) supports shared libraries
configure:12382: result: yes
configure:12449: checking dynamic linker characteristics
configure:13011: result: GNU/Linux ld.so
configure:13035: checking how to hardcode library paths into programs
configure:13060: result: immediate
configure:19246: checking for ranlib
configure:19273: result: ranlib
configure:19303: checking for dirent.h that defines DIR
configure:19322: gcc -c -g -O2  conftest.c >&5
configure:19322: $? = 0
configure:19330: result: yes
configure:19343: checking for library containing opendir
configure:19374: gcc -o conftest -g -O2   conftest.c  >&5
configure:19374: $? = 0
configure:19391: result: none required
configure:19458: checking for ANSI C header files
configure:19562: result: yes
configure:19570: checking for sys/wait.h that is POSIX.1 compatible
configure:19596: gcc -c -g -O2  conftest.c >&5
configure:19596: $? = 0
configure:19603: result: yes
configure:19614: checking arpa/inet.h usability
configure:19614: gcc -c -g -O2  conftest.c >&5
configure:19614: $? = 0
configure:19614: result: yes
configure:19614: checking arpa/inet.h presence
configure:19614: gcc -E  conftest.c
configure:19614: $? = 0
configure:19614: result: yes
configure:19614: checking for arpa/inet.h
configure:19614: result: yes
configure:19614: checking fcntl.h usability
configure:19614: gcc -c -g -O2  conftest.c >&5
configure:19614: $? = 0
configure:19614: result: yes
configure:19614: checking fcntl.h presence
configure:19614: gcc -E  conftest.c
configure:19614: $? = 0
configure:19614: result: yes
configure:19614: checking for fcntl.h
configure:19614: result: yes
configure:19614: checking for inttypes.h
configure:19614: result: yes
configure:19614: checking malloc.h usability
configure:19614: gcc -c -g -O2  conftest.c >&5
configure:19614: $? = 0
configure:19614: result: yes
configure:19614: checking malloc.h presence
configure:19614: gcc -E  conftest.c
configure:19614: $? = 0
configure:19614: result: yes
configure:19614: checking for malloc.h
configure:19614: result: yes
configure:19614: checking netdb.h usability
configure:19614: gcc -c -g -O2  conftest.c >&5
configure:19614: $? = 0
configure:19614: result: yes
configure:19614: checking netdb.h presence
configure:19614: gcc -E  conftest.c
configure:19614: $? = 0
configure:19614: result: yes
configure:19614: checking for netdb.h
configure:19614: result: yes
configure:19614: checking netinet/in.h usability
configure:19614: gcc -c -g -O2  conftest.c >&5
configure:19614: $? = 0
configure:19614: result: yes
configure:19614: checking netinet/in.h presence
configure:19614: gcc -E  conftest.c
configure:19614: $? = 0
configure:19614: result: yes
configure:19614: checking for netinet/in.h
configure:19614: result: yes
configure:19614: checking for stdint.h
configure:19614: result: yes
configure:19614: checking for stdlib.h
configure:19614: result: yes
configure:19614: checking for string.h
configure:19614: result: yes
configure:19614: checking for strings.h
configure:19614: result: yes
configure:19614: checking sys/ioctl.h usability
configure:19614: gcc -c -g -O2  conftest.c >&5
configure:19614: $? = 0
configure:19614: result: yes
configure:19614: checking sys/ioctl.h presence
configure:19614: gcc -E  conftest.c
configure:19614: $? = 0
configure:19614: result: yes
configure:19614: checking for sys/ioctl.h
configure:19614: result: yes
configure:19614: checking sys/socket.h usability
configure:19614: gcc -c -g -O2  conftest.c >&5
configure:19614: $? = 0
configure:19614: result: yes
configure:19614: checking sys/socket.h presence
configure:19614: gcc -E  conftest.c
configure:19614: $? = 0
configure:19614: result: yes
configure:19614: checking for sys/socket.h
configure:19614: result: yes
configure:19614: checking sys/time.h usability
configure:19614: gcc -c -g -O2  conftest.c >&5
configure:19614: $? = 0
configure:19614: result: yes
configure:19614: checking sys/time.h presence
configure:19614: gcc -E  conftest.c
configure:19614: $? = 0
configure:19614: result: yes
configure:19614: checking for sys/time.h
configure:19614: result: yes
configure:19614: checking syslog.h usability
configure:19614: gcc -c -g -O2  conftest.c >&5
configure:19614: $? = 0
configure:19614: result: yes
configure:19614: checking syslog.h presence
configure:19614: gcc -E  conftest.c
configure:19614: $? = 0
configure:19614: result: yes
configure:19614: checking for syslog.h
configure:19614: result: yes
configure:19614: checking for unistd.h
configure:19614: result: yes
configure:19627: checking for stdbool.h that conforms to C99
configure:19694: gcc -c -g -O2  conftest.c >&5
configure:19694: $? = 0
configure:19701: result: yes
configure:19703: checking for _Bool
configure:19703: gcc -c -g -O2  conftest.c >&5
configure:19703: $? = 0
configure:19703: gcc -c -g -O2  conftest.c >&5
conftest.c: In function 'main':
conftest.c:76:20: error: expected expression before ')' token
 if (sizeof ((_Bool)))
                    ^
configure:19703: $? = 1
configure: failed program was:
| /* confdefs.h */
| #define PACKAGE_NAME "library"
| #define PACKAGE_TARNAME "library"
| #define PACKAGE_VERSION "1.0"
| #define PACKAGE_STRING "library 1.0"
| #define PACKAGE_BUGREPORT "support@itibia.com"
| #define PACKAGE_URL ""
| #define PACKAGE "library"
| #define VERSION "1.0"
| #define STDC_HEADERS 1
| #define HAVE_SYS_TYPES_H 1
| #define HAVE_SYS_STAT_H 1
| #define HAVE_STDLIB_H 1
| #define HAVE_STRING_H 1
| #define HAVE_MEMORY_H 1
| #define HAVE_STRINGS_H 1
| #define HAVE_INTTYPES_H 1
| #define HAVE_STDINT_H 1
| #define HAVE_UNISTD_H 1
| #define HAVE_DLFCN_H 1
| #define HAVE_DIRENT_H 1
| #define STDC_HEADERS 1
| #define HAVE_SYS_WAIT_H 1
| #define HAVE_ARPA_INET_H 1
| #define HAVE_FCNTL_H 1
| #define HAVE_INTTYPES_H 1
| #define HAVE_MALLOC_H 1
| #define HAVE_NETDB_H 1
| #define HAVE_NETINET_IN_H 1
| #define HAVE_STDINT_H 1
| #define HAVE_STDLIB_H 1
| #define HAVE_STRING_H 1
| #define HAVE_STRINGS_H 1
| #define HAVE_SYS_IOCTL_H 1
| #define HAVE_SYS_SOCKET_H 1
| #define HAVE_SYS_TIME_H 1
| #define HAVE_SYSLOG_H 1
| #define HAVE_UNISTD_H 1
| /* end confdefs.h.  */
| #include <stdio.h>
| #ifdef HAVE_SYS_TYPES_H
| # include <sys/types.h>
| #endif
| #ifdef HAVE_SYS_STAT_H
| # include <sys/stat.h>
| #endif
| #ifdef STDC_HEADERS
| # include <stdlib.h>
| # include <stddef.h>
| #else
| # ifdef HAVE_STDLIB_H
| #  include <stdlib.h>
| # endif
| #endif
| #ifdef HAVE_STRING_H
| # if !defined STDC_HEADERS && defined HAVE_MEMORY_H
| #  include <memory.h>
| # endif
| # include <string.h>
| #endif
| #ifdef HAVE_STRINGS_H
| # include <strings.h>
| #endif
| #ifdef HAVE_INTTYPES_H
| # include <inttypes.h>
| #endif
| #ifdef HAVE_STDINT_H
| # include <stdint.h>
| #endif
| #ifdef HAVE_UNISTD_H
| # include <unistd.h>
| #endif
| int
| main ()
| {
| if (sizeof ((_Bool)))
| 	    return 0;
|   ;
|   return 0;
| }
configure:19703: result: yes
configure:19720: checking for an ANSI C-conforming const
configure:19786: gcc -c -g -O2  conftest.c >&5
configure:19786: $? = 0
configure:19793: result: yes
configure:19801: checking for uid_t in sys/types.h
configure:19820: result: yes
configure:19831: checking for inline
configure:19847: gcc -c -g -O2  conftest.c >&5
configure:19847: $? = 0
configure:19855: result: inline
configure:19873: checking for pid_t
configure:19873: gcc -c -g -O2  conftest.c >&5
configure:19873: $? = 0
configure:19873: gcc -c -g -O2  conftest.c >&5
conftest.c: In function 'main':
conftest.c:78:20: error: expected expression before ')' token
 if (sizeof ((pid_t)))
                    ^
configure:19873: $? = 1
configure: failed program was:
| /* confdefs.h */
| #define PACKAGE_NAME "library"
| #define PACKAGE_TARNAME "library"
| #define PACKAGE_VERSION "1.0"
| #define PACKAGE_STRING "library 1.0"
| #define PACKAGE_BUGREPORT "support@itibia.com"
| #define PACKAGE_URL ""
| #define PACKAGE "library"
| #define VERSION "1.0"
| #define STDC_HEADERS 1
| #define HAVE_SYS_TYPES_H 1
| #define HAVE_SYS_STAT_H 1
| #define HAVE_STDLIB_H 1
| #define HAVE_STRING_H 1
| #define HAVE_MEMORY_H 1
| #define HAVE_STRINGS_H 1
| #define HAVE_INTTYPES_H 1
| #define HAVE_STDINT_H 1
| #define HAVE_UNISTD_H 1
| #define HAVE_DLFCN_H 1
| #define HAVE_DIRENT_H 1
| #define STDC_HEADERS 1
| #define HAVE_SYS_WAIT_H 1
| #define HAVE_ARPA_INET_H 1
| #define HAVE_FCNTL_H 1
| #define HAVE_INTTYPES_H 1
| #define HAVE_MALLOC_H 1
| #define HAVE_NETDB_H 1
| #define HAVE_NETINET_IN_H 1
| #define HAVE_STDINT_H 1
| #define HAVE_STDLIB_H 1
| #define HAVE_STRING_H 1
| #define HAVE_STRINGS_H 1
| #define HAVE_SYS_IOCTL_H 1
| #define HAVE_SYS_SOCKET_H 1
| #define HAVE_SYS_TIME_H 1
| #define HAVE_SYSLOG_H 1
| #define HAVE_UNISTD_H 1
| #define HAVE__BOOL 1
| #define HAVE_STDBOOL_H 1
| /* end confdefs.h.  */
| #include <stdio.h>
| #ifdef HAVE_SYS_TYPES_H
| # include <sys/types.h>
| #endif
| #ifdef HAVE_SYS_STAT_H
| # include <sys/stat.h>
| #endif
| #ifdef STDC_HEADERS
| # include <stdlib.h>
| # include <stddef.h>
| #else
| # ifdef HAVE_STDLIB_H
| #  include <stdlib.h>
| # endif
| #endif
| #ifdef HAVE_STRING_H
| # if !defined STDC_HEADERS && defined HAVE_MEMORY_H
| #  include <memory.h>
| # endif
| # include <string.h>
| #endif
| #ifdef HAVE_STRINGS_H
| # include <strings.h>
| #endif
| #ifdef HAVE_INTTYPES_H
| # include <inttypes.h>
| #endif
| #ifdef HAVE_STDINT_H
| # include <stdint.h>
| #endif
| #ifdef HAVE_UNISTD_H
| # include <unistd.h>
| #endif
| int
| main ()
| {
| if (sizeof ((pid_t)))
| 	    return 0;
|   ;
|   return 0;
| }
configure:19873: result: yes
configure:19884: checking for size_t
configure:19884: gcc -c -g -O2  conftest.c >&5
configure:19884: $? = 0
configure:19884: gcc -c -g -O2  conftest.c >&5
conftest.c: In function 'main':
conftest.c:78:21: error: expected expression before ')' token
 if (sizeof ((size_t)))
                     ^
configure:19884: $? = 1
configure: failed program was:
| /* confdefs.h */
| #define PACKAGE_NAME "library"
| #define PACKAGE_TARNAME "library"
| #define PACKAGE_VERSION "1.0"
| #define PACKAGE_STRING "library 1.0"
| #define PACKAGE_BUGREPORT "support@itibia.com"
| #define PACKAGE_URL ""
| #define PACKAGE "library"
| #define VERSION "1.0"
| #define STDC_HEADERS 1
| #define HAVE_SYS_TYPES_H 1
| #define HAVE_SYS_STAT_H 1
| #define HAVE_STDLIB_H 1
| #define HAVE_STRING_H 1
| #define HAVE_MEMORY_H 1
| #define HAVE_STRINGS_H 1
| #define HAVE_INTTYPES_H 1
| #define HAVE_STDINT_H 1
| #define HAVE_UNISTD_H 1
| #define HAVE_DLFCN_H 1
| #define HAVE_DIRENT_H 1
| #define STDC_HEADERS 1
| #define HAVE_SYS_WAIT_H 1
| #define HAVE_ARPA_INET_H 1
| #define HAVE_FCNTL_H 1
| #define HAVE_INTTYPES_H 1
| #define HAVE_MALLOC_H 1
| #define HAVE_NETDB_H 1
| #define HAVE_NETINET_IN_H 1
| #define HAVE_STDINT_H 1
| #define HAVE_STDLIB_H 1
| #define HAVE_STRING_H 1
| #define HAVE_STRINGS_H 1
| #define HAVE_SYS_IOCTL_H 1
| #define HAVE_SYS_SOCKET_H 1
| #define HAVE_SYS_TIME_H 1
| #define HAVE_SYSLOG_H 1
| #define HAVE_UNISTD_H 1
| #define HAVE__BOOL 1
| #define HAVE_STDBOOL_H 1
| /* end confdefs.h.  */
| #include <stdio.h>
| #ifdef HAVE_SYS_TYPES_H
| # include <sys/types.h>
| #endif
| #ifdef HAVE_SYS_STAT_H
| # include <sys/stat.h>
| #endif
| #ifdef STDC_HEADERS
| # include <stdlib.h>
| # include <stddef.h>
| #else
| # ifdef HAVE_STDLIB_H
| #  include <stdlib.h>
| # endif
| #endif
| #ifdef HAVE_STRING_H
| # if !defined STDC_HEADERS && defined HAVE_MEMORY_H
| #  include <memory.h>
| # endif
| # include <string.h>
| #endif
| #ifdef HAVE_STRINGS_H
| # include <strings.h>
| #endif
| #ifdef HAVE_INTTYPES_H
| # include <inttypes.h>
| #endif
| #ifdef HAVE_STDINT_H
| # include <stdint.h>
| #endif
| #ifdef HAVE_UNISTD_H
| # include <unistd.h>
| #endif
| int
| main ()
| {
| if (sizeof ((size_t)))
| 	    return 0;
|   ;
|   return 0;
| }
configure:19884: result: yes
configure:19895: checking whether struct tm is in sys/time.h or time.h
configure:19915: gcc -c -g -O2  conftest.c >&5
configure:19915: $? = 0
configure:19922: result: time.h
configure:19934: checking for working alloca.h
configure:19951: gcc -o conftest -g -O2   conftest.c  >&5
configure:19951: $? = 0
configure:19959: result: yes
configure:19967: checking for alloca
configure:20004: gcc -o conftest -g -O2   conftest.c  >&5
configure:20004: $? = 0
configure:20012: result: yes
configure:20120: checking for unistd.h
configure:20120: result: yes
configure:20130: checking for working chown
configure:20163: gcc -o conftest -g -O2   conftest.c  >&5
configure:20163: $? = 0
configure:20163: ./conftest
configure:20163: $? = 0
configure:20175: result: yes
configure:20183: checking whether closedir returns void
configure:20207: gcc -o conftest -g -O2   conftest.c  >&5
configure:20207: $? = 0
configure:20207: ./conftest
configure:20207: $? = 0
configure:20217: result: no
configure:20227: checking vfork.h usability
configure:20227: gcc -c -g -O2  conftest.c >&5
conftest.c:79:10: fatal error: vfork.h: No such file or directory
 #include <vfork.h>
          ^~~~~~~~~
compilation terminated.
configure:20227: $? = 1
configure: failed program was:
| /* confdefs.h */
| #define PACKAGE_NAME "library"
| #define PACKAGE_TARNAME "library"
| #define PACKAGE_VERSION "1.0"
| #define PACKAGE_STRING "library 1.0"
| #define PACKAGE_BUGREPORT "support@itibia.com"
| #define PACKAGE_URL ""
| #define PACKAGE "library"
| #define VERSION "1.0"
| #define STDC_HEADERS 1
| #define HAVE_SYS_TYPES_H 1
| #define HAVE_SYS_STAT_H 1
| #define HAVE_STDLIB_H 1
| #define HAVE_STRING_H 1
| #define HAVE_MEMORY_H 1
| #define HAVE_STRINGS_H 1
| #define HAVE_INTTYPES_H 1
| #define HAVE_STDINT_H 1
| #define HAVE_UNISTD_H 1
| #define HAVE_DLFCN_H 1
| #define HAVE_DIRENT_H 1
| #define STDC_HEADERS 1
| #define HAVE_SYS_WAIT_H 1
| #define HAVE_ARPA_INET_H 1
| #define HAVE_FCNTL_H 1
| #define HAVE_INTTYPES_H 1
| #define HAVE_MALLOC_H 1
| #define HAVE_NETDB_H 1
| #define HAVE_NETINET_IN_H 1
| #define HAVE_STDINT_H 1
| #define HAVE_STDLIB_H 1
| #define HAVE_STRING_H 1
| #define HAVE_STRINGS_H 1
| #define HAVE_SYS_IOCTL_H 1
| #define HAVE_SYS_SOCKET_H 1
| #define HAVE_SYS_TIME_H 1
| #define HAVE_SYSLOG_H 1
| #define HAVE_UNISTD_H 1
| #define HAVE__BOOL 1
| #define HAVE_STDBOOL_H 1
| #define HAVE_ALLOCA_H 1
| #define HAVE_ALLOCA 1
| #define HAVE_UNISTD_H 1
| #define HAVE_CHOWN 1
| /* end confdefs.h.  */
| #include <stdio.h>
| #ifdef HAVE_SYS_TYPES_H
| # include <sys/types.h>
| #endif
| #ifdef HAVE_SYS_STAT_H
| # include <sys/stat.h>
| #endif
| #ifdef STDC_HEADERS
| # include <stdlib.h>
| # include <stddef.h>
| #else
| # ifdef HAVE_STDLIB_H
| #  include <stdlib.h>
| # endif
| #endif
| #ifdef HAVE_STRING_H
| # if !defined STDC_HEADERS && defined HAVE_MEMORY_H
| #  include <memory.h>
| # endif
| # include <string.h>
| #endif
| #ifdef HAVE_STRINGS_H
| # include <strings.h>
| #endif
| #ifdef HAVE_INTTYPES_H
| # include <inttypes.h>
| #endif
| #ifdef HAVE_STDINT_H
| # include <stdint.h>
| #endif
| #ifdef HAVE_UNISTD_H
| # include <unistd.h>
| #endif
| #include <vfork.h>
configure:20227: result: no
configure:20227: checking vfork.h presence
configure:20227: gcc -E  conftest.c
conftest.c:46:10: fatal error: vfork.h: No such file or directory
 #include <vfork.h>
          ^~~~~~~~~
compilation terminated.
configure:20227: $? = 1
configure: failed program was:
| /* confdefs.h */
| #define PACKAGE_NAME "library"
| #define PACKAGE_TARNAME "library"
| #define PACKAGE_VERSION "1.0"
| #define PACKAGE_STRING "library 1.0"
| #define PACKAGE_BUGREPORT "support@itibia.com"
| #define PACKAGE_URL ""
| #define PACKAGE "library"
| #define VERSION "1.0"
| #define STDC_HEADERS 1
| #define HAVE_SYS_TYPES_H 1
| #define HAVE_SYS_STAT_H 1
| #define HAVE_STDLIB_H 1
| #define HAVE_STRING_H 1
| #define HAVE_MEMORY_H 1
| #define HAVE_STRINGS_H 1
| #define HAVE_INTTYPES_H 1
| #define HAVE_STDINT_H 1
| #define HAVE_UNISTD_H 1
| #define HAVE_DLFCN_H 1
| #define HAVE_DIRENT_H 1
| #define STDC_HEADERS 1
| #define HAVE_SYS_WAIT_H 1
| #define HAVE_ARPA_INET_H 1
| #define HAVE_FCNTL_H 1
| #define HAVE_INTTYPES_H 1
| #define HAVE_MALLOC_H 1
| #define HAVE_NETDB_H 1
| #define HAVE_NETINET_IN_H 1
| #define HAVE_STDINT_H 1
| #define HAVE_STDLIB_H 1
| #define HAVE_STRING_H 1
| #define HAVE_STRINGS_H 1
| #define HAVE_SYS_IOCTL_H 1
| #define HAVE_SYS_SOCKET_H 1
| #define HAVE_SYS_TIME_H 1
| #define HAVE_SYSLOG_H 1
| #define HAVE_UNISTD_H 1
| #define HAVE__BOOL 1
| #define HAVE_STDBOOL_H 1
| #define HAVE_ALLOCA_H 1
| #define HAVE_ALLOCA 1
| #define HAVE_UNISTD_H 1
| #define HAVE_CHOWN 1
| /* end confdefs.h.  */
| #include <vfork.h>
configure:20227: result: no
configure:20227: checking for vfork.h
configure:20227: result: no
configure:20240: checking for fork
configure:20240: gcc -o conftest -g -O2   conftest.c  >&5
conftest.c:69:6: warning: conflicting types for built-in function 'fork' [-Wbuiltin-declaration-mismatch]
 char fork ();
      ^~~~
configure:20240: $? = 0
configure:20240: result: yes
configure:20240: checking for vfork
configure:20240: gcc -o conftest -g -O2   conftest.c  >&5
configure:20240: $? = 0
configure:20240: result: yes
configure:20250: checking for working fork
configure:20272: gcc -o conftest -g -O2   conftest.c  >&5
configure:20272: $? = 0
configure:20272: ./conftest
configure:20272: $? = 0
configure:20282: result: yes
configure:20303: checking for working vfork
configure:20413: result: yes
configure:20439: checking whether gcc needs -traditional
configure:20473: result: no
configure:20487: checking sys/select.h usability
configure:20487: gcc -c -g -O2  conftest.c >&5
configure:20487: $? = 0
configure:20487: result: yes
configure:20487: checking sys/select.h presence
configure:20487: gcc -E  conftest.c
configure:20487: $? = 0
configure:20487: result: yes
configure:20487: checking for sys/select.h
configure:20487: result: yes
configure:20487: checking for sys/socket.h
configure:20487: result: yes
configure:20497: checking types of arguments for select
configure:20525: gcc -c -g -O2  conftest.c >&5
configure:20525: $? = 0
configure:20536: result: int,fd_set *,struct timeval *
configure:20559: checking return type of signal handlers
configure:20577: gcc -c -g -O2  conftest.c >&5
conftest.c: In function 'main':
conftest.c:61:10: error: void value not ignored as it ought to be
 return *(signal (0, 0)) (0) == 1;
         ~^~~~~~~~~~~~~~~~~~
configure:20577: $? = 1
configure: failed program was:
| /* confdefs.h */
| #define PACKAGE_NAME "library"
| #define PACKAGE_TARNAME "library"
| #define PACKAGE_VERSION "1.0"
| #define PACKAGE_STRING "library 1.0"
| #define PACKAGE_BUGREPORT "support@itibia.com"
| #define PACKAGE_URL ""
| #define PACKAGE "library"
| #define VERSION "1.0"
| #define STDC_HEADERS 1
| #define HAVE_SYS_TYPES_H 1
| #define HAVE_SYS_STAT_H 1
| #define HAVE_STDLIB_H 1
| #define HAVE_STRING_H 1
| #define HAVE_MEMORY_H 1
| #define HAVE_STRINGS_H 1
| #define HAVE_INTTYPES_H 1
| #define HAVE_STDINT_H 1
| #define HAVE_UNISTD_H 1
| #define HAVE_DLFCN_H 1
| #define HAVE_DIRENT_H 1
| #define STDC_HEADERS 1
| #define HAVE_SYS_WAIT_H 1
| #define HAVE_ARPA_INET_H 1
| #define HAVE_FCNTL_H 1
| #define HAVE_INTTYPES_H 1
| #define HAVE_MALLOC_H 1
| #define HAVE_NETDB_H 1
| #define HAVE_NETINET_IN_H 1
| #define HAVE_STDINT_H 1
| #define HAVE_STDLIB_H 1
| #define HAVE_STRING_H 1
| #define HAVE_STRINGS_H 1
| #define HAVE_SYS_IOCTL_H 1
| #define HAVE_SYS_SOCKET_H 1
| #define HAVE_SYS_TIME_H 1
| #define HAVE_SYSLOG_H 1
| #define HAVE_UNISTD_H 1
| #define HAVE__BOOL 1
| #define HAVE_STDBOOL_H 1
| #define HAVE_ALLOCA_H 1
| #define HAVE_ALLOCA 1
| #define HAVE_UNISTD_H 1
| #define HAVE_CHOWN 1
| #define HAVE_FORK 1
| #define HAVE_VFORK 1
| #define HAVE_WORKING_VFORK 1
| #define HAVE_WORKING_FORK 1
| #define HAVE_SYS_SELECT_H 1
| #define HAVE_SYS_SOCKET_H 1
| #define SELECT_TYPE_ARG1 int
| #define SELECT_TYPE_ARG234 (fd_set *)
| #define SELECT_TYPE_ARG5 (struct timeval *)
| /* end confdefs.h.  */
| #include <sys/types.h>
| #include <signal.h>
| 
| int
| main ()
| {
| return *(signal (0, 0)) (0) == 1;
|   ;
|   return 0;
| }
configure:20584: result: void
configure:20592: checking whether lstat correctly handles trailing slash
configure:20618: gcc -o conftest -g -O2   conftest.c  >&5
configure:20618: $? = 0
configure:20618: ./conftest
configure:20618: $? = 0
configure:20635: result: yes
configure:20654: checking whether stat accepts an empty string
configure:20674: gcc -o conftest -g -O2   conftest.c  >&5
configure:20674: $? = 0
configure:20674: ./conftest
configure:20674: $? = 0
configure:20684: result: no
configure:20702: checking for strftime
configure:20702: gcc -o conftest -g -O2   conftest.c  >&5
conftest.c:80:6: warning: conflicting types for built-in function 'strftime' [-Wbuiltin-declaration-mismatch]
 char strftime ();
      ^~~~~~~~
configure:20702: $? = 0
configure:20702: result: yes
configure:20756: checking whether byte ordering is bigendian
configure:20771: gcc -c -g -O2  conftest.c >&5
conftest.c:59:9: error: unknown type name 'not'
         not a universal capable compiler
         ^~~
conftest.c:59:15: error: expected '=', ',', ';', 'asm' or '__attribute__' before 'universal'
         not a universal capable compiler
               ^~~~~~~~~
conftest.c:59:15: error: unknown type name 'universal'
configure:20771: $? = 1
configure: failed program was:
| /* confdefs.h */
| #define PACKAGE_NAME "library"
| #define PACKAGE_TARNAME "library"
| #define PACKAGE_VERSION "1.0"
| #define PACKAGE_STRING "library 1.0"
| #define PACKAGE_BUGREPORT "support@itibia.com"
| #define PACKAGE_URL ""
| #define PACKAGE "library"
| #define VERSION "1.0"
| #define STDC_HEADERS 1
| #define HAVE_SYS_TYPES_H 1
| #define HAVE_SYS_STAT_H 1
| #define HAVE_STDLIB_H 1
| #define HAVE_STRING_H 1
| #define HAVE_MEMORY_H 1
| #define HAVE_STRINGS_H 1
| #define HAVE_INTTYPES_H 1
| #define HAVE_STDINT_H 1
| #define HAVE_UNISTD_H 1
| #define HAVE_DLFCN_H 1
| #define HAVE_DIRENT_H 1
| #define STDC_HEADERS 1
| #define HAVE_SYS_WAIT_H 1
| #define HAVE_ARPA_INET_H 1
| #define HAVE_FCNTL_H 1
| #define HAVE_INTTYPES_H 1
| #define HAVE_MALLOC_H 1
| #define HAVE_NETDB_H 1
| #define HAVE_NETINET_IN_H 1
| #define HAVE_STDINT_H 1
| #define HAVE_STDLIB_H 1
| #define HAVE_STRING_H 1
| #define HAVE_STRINGS_H 1
| #define HAVE_SYS_IOCTL_H 1
| #define HAVE_SYS_SOCKET_H 1
| #define HAVE_SYS_TIME_H 1
| #define HAVE_SYSLOG_H 1
| #define HAVE_UNISTD_H 1
| #define HAVE__BOOL 1
| #define HAVE_STDBOOL_H 1
| #define HAVE_ALLOCA_H 1
| #define HAVE_ALLOCA 1
| #define HAVE_UNISTD_H 1
| #define HAVE_CHOWN 1
| #define HAVE_FORK 1
| #define HAVE_VFORK 1
| #define HAVE_WORKING_VFORK 1
| #define HAVE_WORKING_FORK 1
| #define HAVE_SYS_SELECT_H 1
| #define HAVE_SYS_SOCKET_H 1
| #define SELECT_TYPE_ARG1 int
| #define SELECT_TYPE_ARG234 (fd_set *)
| #define SELECT_TYPE_ARG5 (struct timeval *)
| #define RETSIGTYPE void
| #define LSTAT_FOLLOWS_SLASHED_SYMLINK 1
| #define HAVE_STRFTIME 1
| /* end confdefs.h.  */
| #ifndef __APPLE_CC__
| 	       not a universal capable compiler
| 	     #endif
| 	     typedef int dummy;
| 
configure:20816: gcc -c -g -O2  conftest.c >&5
configure:20816: $? = 0
configure:20834: gcc -c -g -O2  conftest.c >&5
conftest.c: In function 'main':
conftest.c:65:4: error: unknown type name 'not'; did you mean 'ino_t'?
    not big endian
    ^~~
    ino_t
conftest.c:65:12: error: expected '=', ',', ';', 'asm' or '__attribute__' before 'endian'
    not big endian
            ^~~~~~
configure:20834: $? = 1
configure: failed program was:
| /* confdefs.h */
| #define PACKAGE_NAME "library"
| #define PACKAGE_TARNAME "library"
| #define PACKAGE_VERSION "1.0"
| #define PACKAGE_STRING "library 1.0"
| #define PACKAGE_BUGREPORT "support@itibia.com"
| #define PACKAGE_URL ""
| #define PACKAGE "library"
| #define VERSION "1.0"
| #define STDC_HEADERS 1
| #define HAVE_SYS_TYPES_H 1
| #define HAVE_SYS_STAT_H 1
| #define HAVE_STDLIB_H 1
| #define HAVE_STRING_H 1
| #define HAVE_MEMORY_H 1
| #define HAVE_STRINGS_H 1
| #define HAVE_INTTYPES_H 1
| #define HAVE_STDINT_H 1
| #define HAVE_UNISTD_H 1
| #define HAVE_DLFCN_H 1
| #define HAVE_DIRENT_H 1
| #define STDC_HEADERS 1
| #define HAVE_SYS_WAIT_H 1
| #define HAVE_ARPA_INET_H 1
| #define HAVE_FCNTL_H 1
| #define HAVE_INTTYPES_H 1
| #define HAVE_MALLOC_H 1
| #define HAVE_NETDB_H 1
| #define HAVE_NETINET_IN_H 1
| #define HAVE_STDINT_H 1
| #define HAVE_STDLIB_H 1
| #define HAVE_STRING_H 1
| #define HAVE_STRINGS_H 1
| #define HAVE_SYS_IOCTL_H 1
| #define HAVE_SYS_SOCKET_H 1
| #define HAVE_SYS_TIME_H 1
| #define HAVE_SYSLOG_H 1
| #define HAVE_UNISTD_H 1
| #define HAVE__BOOL 1
| #define HAVE_STDBOOL_H 1
| #define HAVE_ALLOCA_H 1
| #define HAVE_ALLOCA 1
| #define HAVE_UNISTD_H 1
| #define HAVE_CHOWN 1
| #define HAVE_FORK 1
| #define HAVE_VFORK 1
| #define HAVE_WORKING_VFORK 1
| #define HAVE_WORKING_FORK 1
| #define HAVE_SYS_SELECT_H 1
| #define HAVE_SYS_SOCKET_H 1
| #define SELECT_TYPE_ARG1 int
| #define SELECT_TYPE_ARG234 (fd_set *)
| #define SELECT_TYPE_ARG5 (struct timeval *)
| #define RETSIGTYPE void
| #define LSTAT_FOLLOWS_SLASHED_SYMLINK 1
| #define HAVE_STRFTIME 1
| /* end confdefs.h.  */
| #include <sys/types.h>
| 		#include <sys/param.h>
| 
| int
| main ()
| {
| #if BYTE_ORDER != BIG_ENDIAN
| 		 not big endian
| 		#endif
| 
|   ;
|   return 0;
| }
configure:20962: result: no
configure:20985: checking size of int
configure:20990: gcc -o conftest -g -O2   conftest.c  >&5
configure:20990: $? = 0
configure:20990: ./conftest
configure:20990: $? = 0
configure:21004: result: 4
configure:21018: checking size of short
configure:21023: gcc -o conftest -g -O2   conftest.c  >&5
configure:21023: $? = 0
configure:21023: ./conftest
configure:21023: $? = 0
configure:21037: result: 2
configure:21051: checking size of long
configure:21056: gcc -o conftest -g -O2   conftest.c  >&5
configure:21056: $? = 0
configure:21056: ./conftest
configure:21056: $? = 0
configure:21070: result: 8
configure:21084: checking size of float
configure:21089: gcc -o conftest -g -O2   conftest.c  >&5
configure:21089: $? = 0
configure:21089: ./conftest
configure:21089: $? = 0
configure:21103: result: 4
configure:21117: checking size of double
configure:21122: gcc -o conftest -g -O2   conftest.c  >&5
configure:21122: $? = 0
configure:21122: ./conftest
configure:21122: $? = 0
configure:21136: result: 8
configure:21147: checking for pid_t
configure:21147: result: yes
configure:21158: checking for size_t
configure:21158: result: yes
configure:21173: checking for alarm
configure:21173: gcc -o conftest -g -O2   conftest.c  >&5
configure:21173: $? = 0
configure:21173: result: yes
configure:21173: checking for bzero
configure:21173: gcc -o conftest -g -O2   conftest.c  >&5
conftest.c:87:6: warning: conflicting types for built-in function 'bzero' [-Wbuiltin-declaration-mismatch]
 char bzero ();
      ^~~~~
configure:21173: $? = 0
configure:21173: result: yes
configure:21173: checking for endgrent
configure:21173: gcc -o conftest -g -O2   conftest.c  >&5
configure:21173: $? = 0
configure:21173: result: yes
configure:21173: checking for endpwent
configure:21173: gcc -o conftest -g -O2   conftest.c  >&5
configure:21173: $? = 0
configure:21173: result: yes
configure:21173: checking for getcwd
configure:21173: gcc -o conftest -g -O2   conftest.c  >&5
configure:21173: $? = 0
configure:21173: result: yes
configure:21173: checking for gethostbyname
configure:21173: gcc -o conftest -g -O2   conftest.c  >&5
configure:21173: $? = 0
configure:21173: result: yes
configure:21173: checking for inet_ntoa
configure:21173: gcc -o conftest -g -O2   conftest.c  >&5
configure:21173: $? = 0
configure:21173: result: yes
configure:21173: checking for isascii
configure:21173: gcc -o conftest -g -O2   conftest.c  >&5
conftest.c:93:6: warning: conflicting types for built-in function 'isascii' [-Wbuiltin-declaration-mismatch]
 char isascii ();
      ^~~~~~~
configure:21173: $? = 0
configure:21173: result: yes
configure:21173: checking for localtime_r
configure:21173: gcc -o conftest -g -O2   conftest.c  >&5
configure:21173: $? = 0
configure:21173: result: yes
configure:21173: checking for memmove
configure:21173: gcc -o conftest -g -O2   conftest.c  >&5
conftest.c:95:6: warning: conflicting types for built-in function 'memmove' [-Wbuiltin-declaration-mismatch]
 char memmove ();
      ^~~~~~~
configure:21173: $? = 0
configure:21173: result: yes
configure:21173: checking for memset
configure:21173: gcc -o conftest -g -O2   conftest.c  >&5
conftest.c:96:6: warning: conflicting types for built-in function 'memset' [-Wbuiltin-declaration-mismatch]
 char memset ();
      ^~~~~~
configure:21173: $? = 0
configure:21173: result: yes
configure:21173: checking for mkdir
configure:21173: gcc -o conftest -g -O2   conftest.c  >&5
configure:21173: $? = 0
configure:21173: result: yes
configure:21173: checking for regcomp
configure:21173: gcc -o conftest -g -O2   conftest.c  >&5
configure:21173: $? = 0
configure:21173: result: yes
configure:21173: checking for select
configure:21173: gcc -o conftest -g -O2   conftest.c  >&5
configure:21173: $? = 0
configure:21173: result: yes
configure:21173: checking for socket
configure:21173: gcc -o conftest -g -O2   conftest.c  >&5
configure:21173: $? = 0
configure:21173: result: yes
configure:21173: checking for strcasecmp
configure:21173: gcc -o conftest -g -O2   conftest.c  >&5
conftest.c:101:6: warning: conflicting types for built-in function 'strcasecmp' [-Wbuiltin-declaration-mismatch]
 char strcasecmp ();
      ^~~~~~~~~~
configure:21173: $? = 0
configure:21173: result: yes
configure:21173: checking for strchr
configure:21173: gcc -o conftest -g -O2   conftest.c  >&5
conftest.c:102:6: warning: conflicting types for built-in function 'strchr' [-Wbuiltin-declaration-mismatch]
 char strchr ();
      ^~~~~~
configure:21173: $? = 0
configure:21173: result: yes
configure:21173: checking for strcspn
configure:21173: gcc -o conftest -g -O2   conftest.c  >&5
conftest.c:103:6: warning: conflicting types for built-in function 'strcspn' [-Wbuiltin-declaration-mismatch]
 char strcspn ();
      ^~~~~~~
configure:21173: $? = 0
configure:21173: result: yes
configure:21173: checking for strdup
configure:21173: gcc -o conftest -g -O2   conftest.c  >&5
conftest.c:104:6: warning: conflicting types for built-in function 'strdup' [-Wbuiltin-declaration-mismatch]
 char strdup ();
      ^~~~~~
configure:21173: $? = 0
configure:21173: result: yes
configure:21173: checking for strerror
configure:21173: gcc -o conftest -g -O2   conftest.c  >&5
configure:21173: $? = 0
configure:21173: result: yes
configure:21173: checking for strncasecmp
configure:21173: gcc -o conftest -g -O2   conftest.c  >&5
conftest.c:106:6: warning: conflicting types for built-in function 'strncasecmp' [-Wbuiltin-declaration-mismatch]
 char strncasecmp ();
      ^~~~~~~~~~~
configure:21173: $? = 0
configure:21173: result: yes
configure:21173: checking for strrchr
configure:21173: gcc -o conftest -g -O2   conftest.c  >&5
conftest.c:107:6: warning: conflicting types for built-in function 'strrchr' [-Wbuiltin-declaration-mismatch]
 char strrchr ();
      ^~~~~~~
configure:21173: $? = 0
configure:21173: result: yes
configure:21173: checking for strspn
configure:21173: gcc -o conftest -g -O2   conftest.c  >&5
conftest.c:108:6: warning: conflicting types for built-in function 'strspn' [-Wbuiltin-declaration-mismatch]
 char strspn ();
      ^~~~~~
configure:21173: $? = 0
configure:21173: result: yes
configure:21173: checking for strstr
configure:21173: gcc -o conftest -g -O2   conftest.c  >&5
conftest.c:109:6: warning: conflicting types for built-in function 'strstr' [-Wbuiltin-declaration-mismatch]
 char strstr ();
      ^~~~~~
configure:21173: $? = 0
configure:21173: result: yes
configure:21433: creating ./config.status

## ---------------------- ##
## Running config.status. ##
## ---------------------- ##

This file was extended by library config.status 1.0, which was
generated by GNU Autoconf 2.69.  Invocation command line was

  CONFIG_FILES    = 
  CONFIG_HEADERS  = 
  CONFIG_LINKS    = 
  CONFIG_COMMANDS = 
  $ ./config.status 

on ubuntu

config.status:961: creating Makefile
config.status:961: creating libpool/src/Makefile
config.status:961: creating libxmlet/src/Makefile
config.status:961: creating libcwmp/src/Makefile
config.status:961: creating cwmpd/src/Makefile
config.status:961: creating tests/src/Makefile
config.status:961: creating config.h
config.status:1142: config.h is unchanged
config.status:1190: executing depfiles commands

## ---------------- ##
## Cache variables. ##
## ---------------- ##

ac_cv_build=x86_64-unknown-linux-gnu
ac_cv_c_bigendian=no
ac_cv_c_compiler_gnu=yes
ac_cv_c_const=yes
ac_cv_c_inline=inline
ac_cv_cxx_compiler_gnu=yes
ac_cv_env_CCC_set=
ac_cv_env_CCC_value=
ac_cv_env_CC_set=
ac_cv_env_CC_value=
ac_cv_env_CFLAGS_set=
ac_cv_env_CFLAGS_value=
ac_cv_env_CPPFLAGS_set=
ac_cv_env_CPPFLAGS_value=
ac_cv_env_CPP_set=
ac_cv_env_CPP_value=
ac_cv_env_CXXCPP_set=
ac_cv_env_CXXCPP_value=
ac_cv_env_CXXFLAGS_set=
ac_cv_env_CXXFLAGS_value=
ac_cv_env_CXX_set=
ac_cv_env_CXX_value=
ac_cv_env_F77_set=
ac_cv_env_F77_value=
ac_cv_env_FFLAGS_set=
ac_cv_env_FFLAGS_value=
ac_cv_env_LDFLAGS_set=
ac_cv_env_LDFLAGS_value=
ac_cv_env_LIBS_set=
ac_cv_env_LIBS_value=
ac_cv_env_build_alias_set=
ac_cv_env_build_alias_value=
ac_cv_env_host_alias_set=
ac_cv_env_host_alias_value=
ac_cv_env_target_alias_set=
ac_cv_env_target_alias_value=
ac_cv_f77_compiler_gnu=no
ac_cv_func_alarm=yes
ac_cv_func_alloca_works=yes
ac_cv_func_bzero=yes
ac_cv_func_chown_works=yes
ac_cv_func_closedir_void=no
ac_cv_func_endgrent=yes
ac_cv_func_endpwent=yes
ac_cv_func_fork=yes
ac_cv_func_fork_works=yes
ac_cv_func_getcwd=yes
ac_cv_func_gethostbyname=yes
ac_cv_func_inet_ntoa=yes
ac_cv_func_isascii=yes
ac_cv_func_localtime_r=yes
ac_cv_func_lstat_dereferences_slashed_symlink=yes
ac_cv_func_memmove=yes
ac_cv_func_memset=yes
ac_cv_func_mkdir=yes
ac_cv_func_regcomp=yes
ac_cv_func_select=yes
ac_cv_func_select_args='int,fd_set *,struct timeval *'
ac_cv_func_socket=yes
ac_cv_func_stat_empty_string_bug=no
ac_cv_func_strcasecmp=yes
ac_cv_func_strchr=yes
ac_cv_func_strcspn=yes
ac_cv_func_strdup=yes
ac_cv_func_strerror=yes
ac_cv_func_strftime=yes
ac_cv_func_strncasecmp=yes
ac_cv_func_strrchr=yes
ac_cv_func_strspn=yes
ac_cv_func_strstr=yes
ac_cv_func_vfork=yes
ac_cv_func_vfork_works=yes
ac_cv_header_arpa_inet_h=yes
ac_cv_header_dirent_dirent_h=yes
ac_cv_header_dlfcn_h=yes
ac_cv_header_fcntl_h=yes
ac_cv_header_inttypes_h=yes
ac_cv_header_malloc_h=yes
ac_cv_header_memory_h=yes
ac_cv_header_netdb_h=yes
ac_cv_header_netinet_in_h=yes
ac_cv_header_stdbool_h=yes
ac_cv_header_stdc=yes
ac_cv_header_stdint_h=yes
ac_cv_header_stdlib_h=yes
ac_cv_header_string_h=yes
ac_cv_header_strings_h=yes
ac_cv_header_sys_ioctl_h=yes
ac_cv_header_sys_select_h=yes
ac_cv_header_sys_socket_h=yes
ac_cv_header_sys_stat_h=yes
ac_cv_header_sys_time_h=yes
ac_cv_header_sys_types_h=yes
ac_cv_header_sys_wait_h=yes
ac_cv_header_syslog_h=yes
ac_cv_header_unistd_h=yes
ac_cv_header_vfork_h=no
ac_cv_host=x86_64-unknown-linux-gnu
ac_cv_objext=o
ac_cv_path_EGREP='/bin/grep -E'
ac_cv_path_GREP=/bin/grep
ac_cv_path_install='/usr/bin/install -c'
ac_cv_path_mkdir=/bin/mkdir
ac_cv_prog_AWK=gawk
ac_cv_prog_CPP='gcc -E'
ac_cv_prog_CXXCPP='g++ -E'
ac_cv_prog_ac_ct_AR=ar
ac_cv_prog_ac_ct_CC=gcc
ac_cv_prog_ac_ct_CXX=g++
ac_cv_prog_ac_ct_RANLIB=ranlib
ac_cv_prog_ac_ct_STRIP=strip
ac_cv_prog_cc_c89=
ac_cv_prog_cc_g=yes
ac_cv_prog_cxx_g=yes
ac_cv_prog_f77_g=no
ac_cv_prog_gcc_traditional=no
ac_cv_prog_make_make_set=yes
ac_cv_search_opendir='none required'
ac_cv_sizeof_double=8
ac_cv_sizeof_float=4
ac_cv_sizeof_int=4
ac_cv_sizeof_long=8
ac_cv_sizeof_short=2
ac_cv_struct_tm=time.h
ac_cv_type__Bool=yes
ac_cv_type_pid_t=yes
ac_cv_type_signal=void
ac_cv_type_size_t=yes
ac_cv_type_uid_t=yes
ac_cv_working_alloca_h=yes
am_cv_CC_dependencies_compiler_type=gcc3
am_cv_CXX_dependencies_compiler_type=gcc3
lt_cv_deplibs_check_method=pass_all
lt_cv_file_magic_cmd='$MAGIC_CMD'
lt_cv_file_magic_test_file=
lt_cv_ld_reload_flag=-r
lt_cv_objdir=.libs
lt_cv_path_LD=/usr/bin/ld
lt_cv_path_LDCXX='/usr/bin/ld -m elf_x86_64'
lt_cv_path_NM='/usr/bin/nm -B'
lt_cv_path_SED=/bin/sed
lt_cv_prog_compiler_c_o=yes
lt_cv_prog_compiler_c_o_CXX=yes
lt_cv_prog_compiler_pic_works=yes
lt_cv_prog_compiler_pic_works_CXX=yes
lt_cv_prog_compiler_rtti_exceptions=no
lt_cv_prog_compiler_static_works=yes
lt_cv_prog_compiler_static_works_CXX=yes
lt_cv_prog_gnu_ld=yes
lt_cv_prog_gnu_ldcxx=yes
lt_cv_sys_global_symbol_pipe='sed -n -e '\''s/^.*[ 	]\([ABCDGIRSTW][ABCDGIRSTW]*\)[ 	][ 	]*\([_A-Za-z][_A-Za-z0-9]*\)$/\1 \2 \2/p'\'''
lt_cv_sys_global_symbol_to_c_name_address='sed -n -e '\''s/^: \([^ ]*\) $/  {\"\1\", (lt_ptr) 0},/p'\'' -e '\''s/^[BCDEGRST] \([^ ]*\) \([^ ]*\)$/  {"\2", (lt_ptr) \&\2},/p'\'''
lt_cv_sys_global_symbol_to_cdecl='sed -n -e '\''s/^. .* \(.*\)$/extern int \1;/p'\'''
lt_cv_sys_lib_dlsearch_path_spec='/lib /usr/lib /usr/lib/x86_64-linux-gnu/libfakeroot /usr/local/lib/i386-linux-gnu /lib/i386-linux-gnu /usr/lib/i386-linux-gnu /usr/local/lib/i686-linux-gnu /lib/i686-linux-gnu /usr/lib/i686-linux-gnu /usr/local/lib /usr/lib/vmware-tools/lib32/libvmGuestLib.so /usr/lib/vmware-tools/lib64/libvmGuestLib.so /usr/lib/vmware-tools/lib32/libvmGuestLibJava.so /usr/lib/vmware-tools/lib64/libvmGuestLibJava.so /usr/lib/vmware-tools/lib32/libDeployPkg.so /usr/lib/vmware-tools/lib64/libDeployPkg.so /usr/local/lib/x86_64-linux-gnu /lib/x86_64-linux-gnu /usr/lib/x86_64-linux-gnu /lib32 /usr/lib32 /usr/local/lib '
lt_cv_sys_lib_search_path_spec='/usr/lib/gcc/x86_64-linux-gnu/7 /usr/lib/x86_64-linux-gnu /usr/lib /lib/x86_64-linux-gnu /lib'
lt_cv_sys_max_cmd_len=1572864
lt_lt_cv_prog_compiler_c_o='"yes"'
lt_lt_cv_prog_compiler_c_o_CXX='"yes"'
lt_lt_cv_sys_global_symbol_pipe='"sed -n -e '\''s/^.*[ 	]\\([ABCDGIRSTW][ABCDGIRSTW]*\\)[ 	][ 	]*\\([_A-Za-z][_A-Za-z0-9]*\\)\$/\\1 \\2 \\2/p'\''"'
lt_lt_cv_sys_global_symbol_to_c_name_address='"sed -n -e '\''s/^: \\([^ ]*\\) \$/  {\\\"\\1\\\", (lt_ptr) 0},/p'\'' -e '\''s/^[BCDEGRST] \\([^ ]*\\) \\([^ ]*\\)\$/  {\"\\2\", (lt_ptr) \\&\\2},/p'\''"'
lt_lt_cv_sys_global_symbol_to_cdecl='"sed -n -e '\''s/^. .* \\(.*\\)\$/extern int \\1;/p'\''"'

## ----------------- ##
## Output variables. ##
## ----------------- ##

ACLOCAL='${SHELL} /home/bo/source_git/netcwmp/build/missing --run aclocal-1.11'
ALLOCA=''
AMDEPBACKSLASH='\'
AMDEP_FALSE='#'
AMDEP_TRUE=''
AMTAR='${SHELL} /home/bo/source_git/netcwmp/build/missing --run tar'
AR='ar'
AUTOCONF='${SHELL} /home/bo/source_git/netcwmp/build/missing --run autoconf'
AUTOHEADER='${SHELL} /home/bo/source_git/netcwmp/build/missing --run autoheader'
AUTOMAKE='${SHELL} /home/bo/source_git/netcwmp/build/missing --run automake-1.11'
AWK='gawk'
BUILD_CPU='x86_64'
BUILD_OS='linux-gnu'
BUILD_VENDOR='unknown'
CC='gcc'
CCDEPMODE='depmode=gcc3'
CFLAGS='-Wall -g '
COMPILE_FOR_MIPS_FALSE=''
COMPILE_FOR_MIPS_TRUE='#'
CPP='gcc -E'
CPPFLAGS='-D_GNU_SOURCE -Wall -g'
CXX='g++'
CXXCPP='g++ -E'
CXXDEPMODE='depmode=gcc3'
CXXFLAGS='-g -O2'
CYGPATH_W='echo'
DEFS='-DHAVE_CONFIG_H'
DEPDIR='.deps'
DSYMUTIL=''
ECHO='echo'
ECHO_C=''
ECHO_N='-n'
ECHO_T=''
EGREP='/bin/grep -E'
EXEEXT=''
F77=''
FFLAGS=''
GREP='/bin/grep'
HOST_CPU='x86_64'
HOST_OS='linux-gnu'
HOST_VENDOR='unknown'
INSTALL_DATA='${INSTALL} -m 644'
INSTALL_PROGRAM='${INSTALL}'
INSTALL_SCRIPT='${INSTALL}'
INSTALL_STRIP_PROGRAM='$(install_sh) -c -s'
LDFLAGS=''
LIBOBJS=''
LIBS=''
LIBTOOL='$(SHELL) $(top_builddir)/libtool'
LN_S='ln -s'
LTLIBOBJS=''
MAKEINFO='${SHELL} /home/bo/source_git/netcwmp/build/missing --run makeinfo'
MKDIR_P='/bin/mkdir -p'
NMEDIT=''
OBJEXT='o'
OPENSSL_DIR='no'
PACKAGE='library'
PACKAGE_BUGREPORT='support@itibia.com'
PACKAGE_NAME='library'
PACKAGE_STRING='library 1.0'
PACKAGE_TARNAME='library'
PACKAGE_URL=''
PACKAGE_VERSION='1.0'
PATH_SEPARATOR=':'
RANLIB='ranlib'
SED='/bin/sed'
SET_MAKE=''
SHELL='/bin/sh'
STRIP='strip'
VERSION='1.0'
ac_ct_CC='gcc'
ac_ct_CXX='g++'
ac_ct_F77=''
am__EXEEXT_FALSE=''
am__EXEEXT_TRUE='#'
am__fastdepCC_FALSE='#'
am__fastdepCC_TRUE=''
am__fastdepCXX_FALSE='#'
am__fastdepCXX_TRUE=''
am__include='include'
am__isrc=''
am__leading_dot='.'
am__quote=''
am__tar='${AMTAR} chof - "$$tardir"'
am__untar='${AMTAR} xf -'
bindir='${exec_prefix}/bin'
build='x86_64-unknown-linux-gnu'
build_alias=''
build_cpu='x86_64'
build_os='linux-gnu'
build_vendor='unknown'
datadir='${datarootdir}'
datarootdir='${prefix}/share'
docdir='${datarootdir}/doc/${PACKAGE_TARNAME}'
dvidir='${docdir}'
exec_prefix='${prefix}'
host='x86_64-unknown-linux-gnu'
host_alias=''
host_cpu='x86_64'
host_os='linux-gnu'
host_vendor='unknown'
htmldir='${docdir}'
includedir='${prefix}/include'
infodir='${datarootdir}/info'
install_sh='${SHELL} /home/bo/source_git/netcwmp/build/install-sh'
libdir='${exec_prefix}/lib'
libexecdir='${exec_prefix}/libexec'
localedir='${datarootdir}/locale'
localstatedir='${prefix}/var'
mandir='${datarootdir}/man'
mkdir_p='/bin/mkdir -p'
oldincludedir='/usr/include'
pdfdir='${docdir}'
prefix='/usr/local'
program_transform_name='s,x,x,'
psdir='${docdir}'
runstatedir='${localstatedir}/run'
sbindir='${exec_prefix}/sbin'
sharedstatedir='${prefix}/com'
sysconfdir='${prefix}/etc'
target_alias=''

## ----------- ##
## confdefs.h. ##
## ----------- ##

/* confdefs.h */
#define PACKAGE_NAME "library"
#define PACKAGE_TARNAME "library"
#define PACKAGE_VERSION "1.0"
#define PACKAGE_STRING "library 1.0"
#define PACKAGE_BUGREPORT "support@itibia.com"
#define PACKAGE_URL ""
#define PACKAGE "library"
#define VERSION "1.0"
#define STDC_HEADERS 1
#define HAVE_SYS_TYPES_H 1
#define HAVE_SYS_STAT_H 1
#define HAVE_STDLIB_H 1
#define HAVE_STRING_H 1
#define HAVE_MEMORY_H 1
#define HAVE_STRINGS_H 1
#define HAVE_INTTYPES_H 1
#define HAVE_STDINT_H 1
#define HAVE_UNISTD_H 1
#define HAVE_DLFCN_H 1
#define HAVE_DIRENT_H 1
#define STDC_HEADERS 1
#define HAVE_SYS_WAIT_H 1
#define HAVE_ARPA_INET_H 1
#define HAVE_FCNTL_H 1
#define HAVE_INTTYPES_H 1
#define HAVE_MALLOC_H 1
#define HAVE_NETDB_H 1
#define HAVE_NETINET_IN_H 1
#define HAVE_STDINT_H 1
#define HAVE_STDLIB_H 1
#define HAVE_STRING_H 1
#define HAVE_STRINGS_H 1
#define HAVE_SYS_IOCTL_H 1
#define HAVE_SYS_SOCKET_H 1
#define HAVE_SYS_TIME_H 1
#define HAVE_SYSLOG_H 1
#define HAVE_UNISTD_H 1
#define HAVE__BOOL 1
#define HAVE_STDBOOL_H 1
#define HAVE_ALLOCA_H 1
#define HAVE_ALLOCA 1
#define HAVE_UNISTD_H 1
#define HAVE_CHOWN 1
#define HAVE_FORK 1
#define HAVE_VFORK 1
#define HAVE_WORKING_VFORK 1
#define HAVE_WORKING_FORK 1
#define HAVE_SYS_SELECT_H 1
#define HAVE_SYS_SOCKET_H 1
#define SELECT_TYPE_ARG1 int
#define SELECT_TYPE_ARG234 (fd_set *)
#define SELECT_TYPE_ARG5 (struct timeval *)
#define RETSIGTYPE void
#define LSTAT_FOLLOWS_SLASHED_SYMLINK 1
#define HAVE_STRFTIME 1
#define SIZEOF_INT 4
#define SIZEOF_SHORT 2
#define SIZEOF_LONG 8
#define SIZEOF_FLOAT 4
#define SIZEOF_DOUBLE 8
#define HAVE_ALARM 1
#define HAVE_BZERO 1
#define HAVE_ENDGRENT 1
#define HAVE_ENDPWENT 1
#define HAVE_GETCWD 1
#define HAVE_GETHOSTBYNAME 1
#define HAVE_INET_NTOA 1
#define HAVE_ISASCII 1
#define HAVE_LOCALTIME_R 1
#define HAVE_MEMMOVE 1
#define HAVE_MEMSET 1
#define HAVE_MKDIR 1
#define HAVE_REGCOMP 1
#define HAVE_SELECT 1
#define HAVE_SOCKET 1
#define HAVE_STRCASECMP 1
#define HAVE_STRCHR 1
#define HAVE_STRCSPN 1
#define HAVE_STRDUP 1
#define HAVE_STRERROR 1
#define HAVE_STRNCASECMP 1
#define HAVE_STRRCHR 1
#define HAVE_STRSPN 1
#define HAVE_STRSTR 1
#define BUILD_CPU x86_64
#define BUILD_VENDOR unknown
#define BUILD_OS linux-gnu
#define HOST_CPU x86_64
#define HOST_VENDOR unknown
#define HOST_OS linux-gnu

configure: exit 0
